<?xml version="1.0" encoding="UTF-8"?>
<!-- Generated by org.testng.reporters.JUnitReportReporter -->
<testsuite hostname="DESKTOP-0KSEAL8" failures="0" tests="1" name="srk.Loginpage" time="7.434" errors="0" timestamp="2024-03-20T00:42:00 IST" skipped="0">
  <testcase classname="srk.Loginpage" name="verifytitle" time="7.434"/>
  <system-out/>
</testsuite> <!-- srk.Loginpage -->
